<?xml version="1.0" encoding="UTF-8"?>
<testng-results ignored="0" total="1" passed="1" failed="0" skipped="0">
  <reporter-output>
  </reporter-output>
  <suite started-at="2018-05-10T14:17:12Z" name="Default suite" finished-at="2018-05-10T14:19:01Z" duration-ms="108854">
    <groups>
    </groups>
    <test started-at="2018-05-10T14:17:12Z" name="Default test" finished-at="2018-05-10T14:19:01Z" duration-ms="108854">
      <class name="TestPackage.CreateStudyGroup">
        <test-method is-config="true" signature="LoginSite()[pri:0, instance:TestPackage.CreateStudyGroup@45b4c3a9]" started-at="2018-05-10T14:17:12Z" name="LoginSite" finished-at="2018-05-10T14:18:25Z" duration-ms="73371" status="PASS">
          <reporter-output>
          </reporter-output>
        </test-method> <!-- LoginSite -->
        <test-method signature="CreateGroup()[pri:0, instance:TestPackage.CreateStudyGroup@45b4c3a9]" started-at="2018-05-10T14:18:25Z" name="CreateGroup" finished-at="2018-05-10T14:19:01Z" duration-ms="35428" status="PASS">
          <reporter-output>
          </reporter-output>
        </test-method> <!-- CreateGroup -->
        <test-method is-config="true" signature="TearDown()[pri:0, instance:TestPackage.CreateStudyGroup@45b4c3a9]" started-at="2018-05-10T14:19:01Z" name="TearDown" finished-at="2018-05-10T14:19:01Z" duration-ms="1" status="PASS">
          <reporter-output>
          </reporter-output>
        </test-method> <!-- TearDown -->
      </class> <!-- TestPackage.CreateStudyGroup -->
    </test> <!-- Default test -->
  </suite> <!-- Default suite -->
</testng-results>
